<?xml version="1.0" encoding="UTF-8"?>
<!-- Generated by org.testng.reporters.JUnitReportReporter -->
<testsuite skipped="0" hostname="MartandAbhishek" name="com.bluesky.test.smoke.SimpleUnitTest" tests="1" failures="0" timestamp="12 Aug 2018 11:56:43 GMT" time="33.968" errors="0">
  <testcase name="testApp" time="33.968" classname="com.bluesky.test.smoke.SimpleUnitTest"/>
</testsuite> <!-- com.bluesky.test.smoke.SimpleUnitTest -->
